<?xml version="1.0" encoding="UTF-8"?>
<trace:TraceModel
    xmi:version="2.0"
    xmlns:xmi="http://www.omg.org/XMI"
    xmlns:trace="http://www.eclipse.org/gmf/2006/Trace">
  <nodeTraces
      visualID="2001"
      queryText="(let _eClass_:ecore::EClass = modelFacet.metaClass.ecoreClass in _eClass_.ePackage.nsURI = 'http://www.delete.it.is/v1.0/beta' and _eClass_.name = 'InputInstalment') and (let _containmentMF_:ecore::EStructuralFeature = modelFacet.containmentMetaFeature.ecoreFeature in (let _eClass_:ecore::EClass = _containmentMF_.eContainingClass in _eClass_.ePackage.nsURI = 'http://www.delete.it.is/v1.0/beta' and _eClass_.name = 'DeleteSurface') and _containmentMF_.name = 'inputInsta')">
    <nodeLabelTraces
        visualID="5005"
        queryText="true"/>
    <compartmentTraces
        visualID="7001"
        queryText="true"/>
  </nodeTraces>
  <nodeTraces
      visualID="2002"
      queryText="(let _eClass_:ecore::EClass = modelFacet.metaClass.ecoreClass in _eClass_.ePackage.nsURI = 'http://www.delete.it.is/v1.0/beta' and _eClass_.name = 'TableListInstalment') and (let _containmentMF_:ecore::EStructuralFeature = modelFacet.containmentMetaFeature.ecoreFeature in (let _eClass_:ecore::EClass = _containmentMF_.eContainingClass in _eClass_.ePackage.nsURI = 'http://www.delete.it.is/v1.0/beta' and _eClass_.name = 'DeleteSurface') and _containmentMF_.name = 'tableInsta')">
    <nodeLabelTraces
        visualID="5008"
        queryText="true"/>
    <compartmentTraces
        visualID="7002"
        queryText="true"/>
  </nodeTraces>
  <nodeTraces
      visualID="2005"
      queryText="(let _eClass_:ecore::EClass = modelFacet.metaClass.ecoreClass in _eClass_.ePackage.nsURI = 'http://www.delete.it.is/v1.0/beta' and _eClass_.name = 'ConditionInstalment') and (let _containmentMF_:ecore::EStructuralFeature = modelFacet.containmentMetaFeature.ecoreFeature in (let _eClass_:ecore::EClass = _containmentMF_.eContainingClass in _eClass_.ePackage.nsURI = 'http://www.delete.it.is/v1.0/beta' and _eClass_.name = 'DeleteSurface') and _containmentMF_.name = 'whereInsta')">
    <nodeLabelTraces
        visualID="5047"
        queryText="true"/>
    <compartmentTraces
        visualID="7018"
        queryText="true"/>
  </nodeTraces>
  <nodeTraces
      visualID="2006"
      queryText="(let _eClass_:ecore::EClass = modelFacet.metaClass.ecoreClass in _eClass_.ePackage.nsURI = 'http://www.delete.it.is/v1.0/beta' and _eClass_.name = 'SortInstalment') and (let _containmentMF_:ecore::EStructuralFeature = modelFacet.containmentMetaFeature.ecoreFeature in (let _eClass_:ecore::EClass = _containmentMF_.eContainingClass in _eClass_.ePackage.nsURI = 'http://www.delete.it.is/v1.0/beta' and _eClass_.name = 'DeleteSurface') and _containmentMF_.name = 'sortInstalment')">
    <nodeLabelTraces
        visualID="5049"
        queryText="true"/>
    <compartmentTraces
        visualID="7020"
        queryText="true"/>
  </nodeTraces>
  <nodeTraces
      visualID="2007"
      queryText="(let _eClass_:ecore::EClass = modelFacet.metaClass.ecoreClass in _eClass_.ePackage.nsURI = 'http://www.delete.it.is/v1.0/beta' and _eClass_.name = 'Dummy') and (let _containmentMF_:ecore::EStructuralFeature = modelFacet.containmentMetaFeature.ecoreFeature in (let _eClass_:ecore::EClass = _containmentMF_.eContainingClass in _eClass_.ePackage.nsURI = 'http://www.delete.it.is/v1.0/beta' and _eClass_.name = 'DeleteSurface') and _containmentMF_.name = 'dummy')">
    <nodeLabelTraces
        visualID="5057"
        queryText="true"/>
    <compartmentTraces
        visualID="7021"
        queryText="true"/>
  </nodeTraces>
  <childNodeTraces
      visualID="3001"
      queryText="(let _eClass_:ecore::EClass = modelFacet.metaClass.ecoreClass in _eClass_.ePackage.nsURI = 'http://www.delete.it.is/v1.0/beta' and _eClass_.name = 'InputStringDef') and (let _containmentMF_:ecore::EStructuralFeature = modelFacet.containmentMetaFeature.ecoreFeature in (let _eClass_:ecore::EClass = _containmentMF_.eContainingClass in _eClass_.ePackage.nsURI = 'http://www.delete.it.is/v1.0/beta' and _eClass_.name = 'InputInstalment') and _containmentMF_.name = 'inputs')">
    <nodeLabelTraces
        visualID="5001"
        queryText="true"/>
  </childNodeTraces>
  <childNodeTraces
      visualID="3002"
      queryText="(let _eClass_:ecore::EClass = modelFacet.metaClass.ecoreClass in _eClass_.ePackage.nsURI = 'http://www.delete.it.is/v1.0/beta' and _eClass_.name = 'InputIntDef') and (let _containmentMF_:ecore::EStructuralFeature = modelFacet.containmentMetaFeature.ecoreFeature in (let _eClass_:ecore::EClass = _containmentMF_.eContainingClass in _eClass_.ePackage.nsURI = 'http://www.delete.it.is/v1.0/beta' and _eClass_.name = 'InputInstalment') and _containmentMF_.name = 'inputs')">
    <nodeLabelTraces
        visualID="5002"
        queryText="true"/>
  </childNodeTraces>
  <childNodeTraces
      visualID="3003"
      queryText="(let _eClass_:ecore::EClass = modelFacet.metaClass.ecoreClass in _eClass_.ePackage.nsURI = 'http://www.delete.it.is/v1.0/beta' and _eClass_.name = 'InputDateDef') and (let _containmentMF_:ecore::EStructuralFeature = modelFacet.containmentMetaFeature.ecoreFeature in (let _eClass_:ecore::EClass = _containmentMF_.eContainingClass in _eClass_.ePackage.nsURI = 'http://www.delete.it.is/v1.0/beta' and _eClass_.name = 'InputInstalment') and _containmentMF_.name = 'inputs')">
    <nodeLabelTraces
        visualID="5003"
        queryText="true"/>
  </childNodeTraces>
  <childNodeTraces
      visualID="3004"
      queryText="(let _eClass_:ecore::EClass = modelFacet.metaClass.ecoreClass in _eClass_.ePackage.nsURI = 'http://www.delete.it.is/v1.0/beta' and _eClass_.name = 'InputBitsDef') and (let _containmentMF_:ecore::EStructuralFeature = modelFacet.containmentMetaFeature.ecoreFeature in (let _eClass_:ecore::EClass = _containmentMF_.eContainingClass in _eClass_.ePackage.nsURI = 'http://www.delete.it.is/v1.0/beta' and _eClass_.name = 'InputInstalment') and _containmentMF_.name = 'inputs')">
    <nodeLabelTraces
        visualID="5004"
        queryText="true"/>
  </childNodeTraces>
  <childNodeTraces
      visualID="3012"
      queryText="(let _eClass_:ecore::EClass = modelFacet.metaClass.ecoreClass in _eClass_.ePackage.nsURI = 'http://www.delete.it.is/v1.0/beta' and _eClass_.name = 'Field') and (let _containmentMF_:ecore::EStructuralFeature = modelFacet.containmentMetaFeature.ecoreFeature in (let _eClass_:ecore::EClass = _containmentMF_.eContainingClass in _eClass_.ePackage.nsURI = 'http://www.delete.it.is/v1.0/beta' and _eClass_.name = 'Term') and _containmentMF_.name = 'params')">
    <nodeLabelTraces
        visualID="5014"
        queryText="true"/>
  </childNodeTraces>
  <childNodeTraces
      visualID="3014"
      queryText="(let _eClass_:ecore::EClass = modelFacet.metaClass.ecoreClass in _eClass_.ePackage.nsURI = 'http://www.delete.it.is/v1.0/beta' and _eClass_.name = 'CallSurfaceQuery') and (let _containmentMF_:ecore::EStructuralFeature = modelFacet.containmentMetaFeature.ecoreFeature in (let _eClass_:ecore::EClass = _containmentMF_.eContainingClass in _eClass_.ePackage.nsURI = 'http://www.delete.it.is/v1.0/beta' and _eClass_.name = 'Function') and _containmentMF_.name = 'params')">
    <nodeLabelTraces
        visualID="5021"
        queryText="true"/>
    <compartmentTraces
        visualID="7008"
        queryText="true"/>
  </childNodeTraces>
  <childNodeTraces
      visualID="3015"
      queryText="(let _eClass_:ecore::EClass = modelFacet.metaClass.ecoreClass in _eClass_.ePackage.nsURI = 'http://www.delete.it.is/v1.0/beta' and _eClass_.name = 'Field') and (let _containmentMF_:ecore::EStructuralFeature = modelFacet.containmentMetaFeature.ecoreFeature in (let _eClass_:ecore::EClass = _containmentMF_.eContainingClass in _eClass_.ePackage.nsURI = 'http://www.delete.it.is/v1.0/beta' and _eClass_.name = 'Function') and _containmentMF_.name = 'params')">
    <nodeLabelTraces
        visualID="5016"
        queryText="true"/>
  </childNodeTraces>
  <childNodeTraces
      visualID="3016"
      queryText="(let _eClass_:ecore::EClass = modelFacet.metaClass.ecoreClass in _eClass_.ePackage.nsURI = 'http://www.delete.it.is/v1.0/beta' and _eClass_.name = 'Literal') and (let _containmentMF_:ecore::EStructuralFeature = modelFacet.containmentMetaFeature.ecoreFeature in (let _eClass_:ecore::EClass = _containmentMF_.eContainingClass in _eClass_.ePackage.nsURI = 'http://www.delete.it.is/v1.0/beta' and _eClass_.name = 'Function') and _containmentMF_.name = 'params')">
    <nodeLabelTraces
        visualID="5017"
        queryText="true"/>
  </childNodeTraces>
  <childNodeTraces
      visualID="3017"
      queryText="(let _eClass_:ecore::EClass = modelFacet.metaClass.ecoreClass in _eClass_.ePackage.nsURI = 'http://www.delete.it.is/v1.0/beta' and _eClass_.name = 'NullLiteral') and (let _containmentMF_:ecore::EStructuralFeature = modelFacet.containmentMetaFeature.ecoreFeature in (let _eClass_:ecore::EClass = _containmentMF_.eContainingClass in _eClass_.ePackage.nsURI = 'http://www.delete.it.is/v1.0/beta' and _eClass_.name = 'Function') and _containmentMF_.name = 'params')">
    <nodeLabelTraces
        visualID="5018"
        queryText="true"/>
  </childNodeTraces>
  <childNodeTraces
      visualID="3018"
      queryText="(let _eClass_:ecore::EClass = modelFacet.metaClass.ecoreClass in _eClass_.ePackage.nsURI = 'http://www.delete.it.is/v1.0/beta' and _eClass_.name = 'Function') and (let _containmentMF_:ecore::EStructuralFeature = modelFacet.containmentMetaFeature.ecoreFeature in (let _eClass_:ecore::EClass = _containmentMF_.eContainingClass in _eClass_.ePackage.nsURI = 'http://www.delete.it.is/v1.0/beta' and _eClass_.name = 'Function') and _containmentMF_.name = 'params')">
    <nodeLabelTraces
        visualID="5020"
        queryText="true"/>
    <compartmentTraces
        visualID="7009"
        queryText="true"/>
  </childNodeTraces>
  <childNodeTraces
      visualID="3019"
      queryText="(let _eClass_:ecore::EClass = modelFacet.metaClass.ecoreClass in _eClass_.ePackage.nsURI = 'http://www.delete.it.is/v1.0/beta' and _eClass_.name = 'Input') and (let _containmentMF_:ecore::EStructuralFeature = modelFacet.containmentMetaFeature.ecoreFeature in (let _eClass_:ecore::EClass = _containmentMF_.eContainingClass in _eClass_.ePackage.nsURI = 'http://www.delete.it.is/v1.0/beta' and _eClass_.name = 'Function') and _containmentMF_.name = 'params')">
    <nodeLabelTraces
        visualID="5019"
        queryText="true"/>
  </childNodeTraces>
  <childNodeTraces
      visualID="3025"
      queryText="(let _eClass_:ecore::EClass = modelFacet.metaClass.ecoreClass in _eClass_.ePackage.nsURI = 'http://www.delete.it.is/v1.0/beta' and _eClass_.name = 'CallSurfaceQuery') and (let _containmentMF_:ecore::EStructuralFeature = modelFacet.containmentMetaFeature.ecoreFeature in (let _eClass_:ecore::EClass = _containmentMF_.eContainingClass in _eClass_.ePackage.nsURI = 'http://www.delete.it.is/v1.0/beta' and _eClass_.name = 'Term') and _containmentMF_.name = 'params')">
    <nodeLabelTraces
        visualID="5028"
        queryText="true"/>
    <compartmentTraces
        visualID="7011"
        queryText="true"/>
  </childNodeTraces>
  <childNodeTraces
      visualID="3026"
      queryText="(let _eClass_:ecore::EClass = modelFacet.metaClass.ecoreClass in _eClass_.ePackage.nsURI = 'http://www.delete.it.is/v1.0/beta' and _eClass_.name = 'Literal') and (let _containmentMF_:ecore::EStructuralFeature = modelFacet.containmentMetaFeature.ecoreFeature in (let _eClass_:ecore::EClass = _containmentMF_.eContainingClass in _eClass_.ePackage.nsURI = 'http://www.delete.it.is/v1.0/beta' and _eClass_.name = 'Term') and _containmentMF_.name = 'params')">
    <nodeLabelTraces
        visualID="5029"
        queryText="true"/>
  </childNodeTraces>
  <childNodeTraces
      visualID="3027"
      queryText="(let _eClass_:ecore::EClass = modelFacet.metaClass.ecoreClass in _eClass_.ePackage.nsURI = 'http://www.delete.it.is/v1.0/beta' and _eClass_.name = 'NullLiteral') and (let _containmentMF_:ecore::EStructuralFeature = modelFacet.containmentMetaFeature.ecoreFeature in (let _eClass_:ecore::EClass = _containmentMF_.eContainingClass in _eClass_.ePackage.nsURI = 'http://www.delete.it.is/v1.0/beta' and _eClass_.name = 'Term') and _containmentMF_.name = 'params')">
    <nodeLabelTraces
        visualID="5030"
        queryText="true"/>
  </childNodeTraces>
  <childNodeTraces
      visualID="3028"
      queryText="(let _eClass_:ecore::EClass = modelFacet.metaClass.ecoreClass in _eClass_.ePackage.nsURI = 'http://www.delete.it.is/v1.0/beta' and _eClass_.name = 'Function') and (let _containmentMF_:ecore::EStructuralFeature = modelFacet.containmentMetaFeature.ecoreFeature in (let _eClass_:ecore::EClass = _containmentMF_.eContainingClass in _eClass_.ePackage.nsURI = 'http://www.delete.it.is/v1.0/beta' and _eClass_.name = 'Term') and _containmentMF_.name = 'params')">
    <nodeLabelTraces
        visualID="5031"
        queryText="true"/>
    <compartmentTraces
        visualID="7012"
        queryText="true"/>
  </childNodeTraces>
  <childNodeTraces
      visualID="3029"
      queryText="(let _eClass_:ecore::EClass = modelFacet.metaClass.ecoreClass in _eClass_.ePackage.nsURI = 'http://www.delete.it.is/v1.0/beta' and _eClass_.name = 'Input') and (let _containmentMF_:ecore::EStructuralFeature = modelFacet.containmentMetaFeature.ecoreFeature in (let _eClass_:ecore::EClass = _containmentMF_.eContainingClass in _eClass_.ePackage.nsURI = 'http://www.delete.it.is/v1.0/beta' and _eClass_.name = 'Term') and _containmentMF_.name = 'params')">
    <nodeLabelTraces
        visualID="5032"
        queryText="true"/>
  </childNodeTraces>
  <childNodeTraces
      visualID="3037"
      queryText="(let _eClass_:ecore::EClass = modelFacet.metaClass.ecoreClass in _eClass_.ePackage.nsURI = 'http://www.delete.it.is/v1.0/beta' and _eClass_.name = 'InputFloatDef') and (let _containmentMF_:ecore::EStructuralFeature = modelFacet.containmentMetaFeature.ecoreFeature in (let _eClass_:ecore::EClass = _containmentMF_.eContainingClass in _eClass_.ePackage.nsURI = 'http://www.delete.it.is/v1.0/beta' and _eClass_.name = 'InputInstalment') and _containmentMF_.name = 'inputs')">
    <nodeLabelTraces
        visualID="5041"
        queryText="true"/>
  </childNodeTraces>
  <childNodeTraces
      visualID="3040"
      queryText="(let _eClass_:ecore::EClass = modelFacet.metaClass.ecoreClass in _eClass_.ePackage.nsURI = 'http://www.delete.it.is/v1.0/beta' and _eClass_.name = 'RootJunction') and (let _containmentMF_:ecore::EStructuralFeature = modelFacet.containmentMetaFeature.ecoreFeature in (let _eClass_:ecore::EClass = _containmentMF_.eContainingClass in _eClass_.ePackage.nsURI = 'http://www.delete.it.is/v1.0/beta' and _eClass_.name = 'ConditionInstalment') and _containmentMF_.name = 'parts')">
    <nodeLabelTraces
        visualID="5044"
        queryText="true"/>
  </childNodeTraces>
  <childNodeTraces
      visualID="3041"
      queryText="(let _eClass_:ecore::EClass = modelFacet.metaClass.ecoreClass in _eClass_.ePackage.nsURI = 'http://www.delete.it.is/v1.0/beta' and _eClass_.name = 'Junction') and (let _containmentMF_:ecore::EStructuralFeature = modelFacet.containmentMetaFeature.ecoreFeature in (let _eClass_:ecore::EClass = _containmentMF_.eContainingClass in _eClass_.ePackage.nsURI = 'http://www.delete.it.is/v1.0/beta' and _eClass_.name = 'ConditionInstalment') and _containmentMF_.name = 'parts')">
    <nodeLabelTraces
        visualID="5045"
        queryText="true"/>
  </childNodeTraces>
  <childNodeTraces
      visualID="3042"
      queryText="(let _eClass_:ecore::EClass = modelFacet.metaClass.ecoreClass in _eClass_.ePackage.nsURI = 'http://www.delete.it.is/v1.0/beta' and _eClass_.name = 'Term') and (let _containmentMF_:ecore::EStructuralFeature = modelFacet.containmentMetaFeature.ecoreFeature in (let _eClass_:ecore::EClass = _containmentMF_.eContainingClass in _eClass_.ePackage.nsURI = 'http://www.delete.it.is/v1.0/beta' and _eClass_.name = 'ConditionInstalment') and _containmentMF_.name = 'parts')">
    <nodeLabelTraces
        visualID="5046"
        queryText="true"/>
    <compartmentTraces
        visualID="7019"
        queryText="true"/>
  </childNodeTraces>
  <childNodeTraces
      visualID="3043"
      queryText="(let _eClass_:ecore::EClass = modelFacet.metaClass.ecoreClass in _eClass_.ePackage.nsURI = 'http://www.delete.it.is/v1.0/beta' and _eClass_.name = 'FieldSPointer') and (let _containmentMF_:ecore::EStructuralFeature = modelFacet.containmentMetaFeature.ecoreFeature in (let _eClass_:ecore::EClass = _containmentMF_.eContainingClass in _eClass_.ePackage.nsURI = 'http://www.delete.it.is/v1.0/beta' and _eClass_.name = 'SortInstalment') and _containmentMF_.name = 'pointers')">
    <nodeLabelTraces
        visualID="5048"
        queryText="true"/>
  </childNodeTraces>
  <childNodeTraces
      visualID="3044"
      queryText="(let _eClass_:ecore::EClass = modelFacet.metaClass.ecoreClass in _eClass_.ePackage.nsURI = 'http://www.delete.it.is/v1.0/beta' and _eClass_.name = 'CallSurfaceQuery') and (let _containmentMF_:ecore::EStructuralFeature = modelFacet.containmentMetaFeature.ecoreFeature in (let _eClass_:ecore::EClass = _containmentMF_.eContainingClass in _eClass_.ePackage.nsURI = 'http://www.delete.it.is/v1.0/beta' and _eClass_.name = 'Dummy') and _containmentMF_.name = 'parts')">
    <nodeLabelTraces
        visualID="5050"
        queryText="true"/>
    <compartmentTraces
        visualID="7022"
        queryText="true"/>
  </childNodeTraces>
  <childNodeTraces
      visualID="3045"
      queryText="(let _eClass_:ecore::EClass = modelFacet.metaClass.ecoreClass in _eClass_.ePackage.nsURI = 'http://www.delete.it.is/v1.0/beta' and _eClass_.name = 'Field') and (let _containmentMF_:ecore::EStructuralFeature = modelFacet.containmentMetaFeature.ecoreFeature in (let _eClass_:ecore::EClass = _containmentMF_.eContainingClass in _eClass_.ePackage.nsURI = 'http://www.delete.it.is/v1.0/beta' and _eClass_.name = 'Dummy') and _containmentMF_.name = 'parts')">
    <nodeLabelTraces
        visualID="5051"
        queryText="true"/>
  </childNodeTraces>
  <childNodeTraces
      visualID="3046"
      queryText="(let _eClass_:ecore::EClass = modelFacet.metaClass.ecoreClass in _eClass_.ePackage.nsURI = 'http://www.delete.it.is/v1.0/beta' and _eClass_.name = 'Literal') and (let _containmentMF_:ecore::EStructuralFeature = modelFacet.containmentMetaFeature.ecoreFeature in (let _eClass_:ecore::EClass = _containmentMF_.eContainingClass in _eClass_.ePackage.nsURI = 'http://www.delete.it.is/v1.0/beta' and _eClass_.name = 'Dummy') and _containmentMF_.name = 'parts')">
    <nodeLabelTraces
        visualID="5052"
        queryText="true"/>
  </childNodeTraces>
  <childNodeTraces
      visualID="3047"
      queryText="(let _eClass_:ecore::EClass = modelFacet.metaClass.ecoreClass in _eClass_.ePackage.nsURI = 'http://www.delete.it.is/v1.0/beta' and _eClass_.name = 'NullLiteral') and (let _containmentMF_:ecore::EStructuralFeature = modelFacet.containmentMetaFeature.ecoreFeature in (let _eClass_:ecore::EClass = _containmentMF_.eContainingClass in _eClass_.ePackage.nsURI = 'http://www.delete.it.is/v1.0/beta' and _eClass_.name = 'Dummy') and _containmentMF_.name = 'parts')">
    <nodeLabelTraces
        visualID="5053"
        queryText="true"/>
  </childNodeTraces>
  <childNodeTraces
      visualID="3048"
      queryText="(let _eClass_:ecore::EClass = modelFacet.metaClass.ecoreClass in _eClass_.ePackage.nsURI = 'http://www.delete.it.is/v1.0/beta' and _eClass_.name = 'Function') and (let _containmentMF_:ecore::EStructuralFeature = modelFacet.containmentMetaFeature.ecoreFeature in (let _eClass_:ecore::EClass = _containmentMF_.eContainingClass in _eClass_.ePackage.nsURI = 'http://www.delete.it.is/v1.0/beta' and _eClass_.name = 'Dummy') and _containmentMF_.name = 'parts')">
    <nodeLabelTraces
        visualID="5054"
        queryText="true"/>
    <compartmentTraces
        visualID="7023"
        queryText="true"/>
  </childNodeTraces>
  <childNodeTraces
      visualID="3049"
      queryText="(let _eClass_:ecore::EClass = modelFacet.metaClass.ecoreClass in _eClass_.ePackage.nsURI = 'http://www.delete.it.is/v1.0/beta' and _eClass_.name = 'Input') and (let _containmentMF_:ecore::EStructuralFeature = modelFacet.containmentMetaFeature.ecoreFeature in (let _eClass_:ecore::EClass = _containmentMF_.eContainingClass in _eClass_.ePackage.nsURI = 'http://www.delete.it.is/v1.0/beta' and _eClass_.name = 'Dummy') and _containmentMF_.name = 'parts')">
    <nodeLabelTraces
        visualID="5055"
        queryText="true"/>
  </childNodeTraces>
  <childNodeTraces
      visualID="3051"
      queryText="(let _eClass_:ecore::EClass = modelFacet.metaClass.ecoreClass in _eClass_.ePackage.nsURI = 'http://www.delete.it.is/v1.0/beta' and _eClass_.name = 'MyTable') and (let _containmentMF_:ecore::EStructuralFeature = modelFacet.containmentMetaFeature.ecoreFeature in (let _eClass_:ecore::EClass = _containmentMF_.eContainingClass in _eClass_.ePackage.nsURI = 'http://www.delete.it.is/v1.0/beta' and _eClass_.name = 'TableListInstalment') and _containmentMF_.name = 'tables')">
    <nodeLabelTraces
        visualID="5059"
        queryText="true"/>
    <compartmentTraces
        visualID="7025"
        queryText="true"/>
  </childNodeTraces>
  <childNodeTraces
      visualID="3052"
      queryText="(let _eClass_:ecore::EClass = modelFacet.metaClass.ecoreClass in _eClass_.ePackage.nsURI = 'http://www.delete.it.is/v1.0/beta' and _eClass_.name = 'Field') and (let _containmentMF_:ecore::EStructuralFeature = modelFacet.containmentMetaFeature.ecoreFeature in (let _eClass_:ecore::EClass = _containmentMF_.eContainingClass in _eClass_.ePackage.nsURI = 'http://www.delete.it.is/v1.0/beta' and _eClass_.name = 'MyTable') and _containmentMF_.name = 'fields')">
    <nodeLabelTraces
        visualID="5058"
        queryText="true"/>
  </childNodeTraces>
  <childNodeTraces
      visualID="3053"
      queryText="(let _eClass_:ecore::EClass = modelFacet.metaClass.ecoreClass in _eClass_.ePackage.nsURI = 'http://www.delete.it.is/v1.0/beta' and _eClass_.name = 'MyTable') and (let _containmentMF_:ecore::EStructuralFeature = modelFacet.containmentMetaFeature.ecoreFeature in (let _eClass_:ecore::EClass = _containmentMF_.eContainingClass in _eClass_.ePackage.nsURI = 'http://www.delete.it.is/v1.0/beta' and _eClass_.name = 'Dummy') and _containmentMF_.name = 'parts')">
    <nodeLabelTraces
        visualID="5060"
        queryText="true"/>
    <compartmentTraces
        visualID="7026"
        queryText="true"/>
  </childNodeTraces>
  <linkTraces
      visualID="4001"
      queryText="modelFacet.oclIsKindOf(gmfgen::TypeLinkModelFacet) and (let _eClass_:ecore::EClass = modelFacet.oclAsType(gmfgen::TypeLinkModelFacet).metaClass.ecoreClass in _eClass_.ePackage.nsURI = 'http://www.delete.it.is/v1.0/beta' and _eClass_.name = 'InnerjoinRels')">
    <linkLabelTraces
        visualID="6001"
        queryText="true"/>
  </linkTraces>
  <linkTraces
      visualID="4002"
      queryText="modelFacet.oclIsKindOf(gmfgen::TypeLinkModelFacet) and (let _eClass_:ecore::EClass = modelFacet.oclAsType(gmfgen::TypeLinkModelFacet).metaClass.ecoreClass in _eClass_.ePackage.nsURI = 'http://www.delete.it.is/v1.0/beta' and _eClass_.name = 'LeftOuterJoinRels')">
    <linkLabelTraces
        visualID="6002"
        queryText="true"/>
  </linkTraces>
  <linkTraces
      visualID="4003"
      queryText="modelFacet.oclIsKindOf(gmfgen::TypeLinkModelFacet) and (let _eClass_:ecore::EClass = modelFacet.oclAsType(gmfgen::TypeLinkModelFacet).metaClass.ecoreClass in _eClass_.ePackage.nsURI = 'http://www.delete.it.is/v1.0/beta' and _eClass_.name = 'RightOuterJoinRels')">
    <linkLabelTraces
        visualID="6003"
        queryText="true"/>
  </linkTraces>
  <linkTraces
      visualID="4004"
      queryText="modelFacet.oclIsKindOf(gmfgen::TypeLinkModelFacet) and (let _eClass_:ecore::EClass = modelFacet.oclAsType(gmfgen::TypeLinkModelFacet).metaClass.ecoreClass in _eClass_.ePackage.nsURI = 'http://www.delete.it.is/v1.0/beta' and _eClass_.name = 'FullOuterJoinRels')">
    <linkLabelTraces
        visualID="6004"
        queryText="true"/>
  </linkTraces>
  <linkTraces
      visualID="4006"
      queryText="modelFacet.oclIsKindOf(gmfgen::TypeLinkModelFacet) and (let _eClass_:ecore::EClass = modelFacet.oclAsType(gmfgen::TypeLinkModelFacet).metaClass.ecoreClass in _eClass_.ePackage.nsURI = 'http://www.delete.it.is/v1.0/beta' and _eClass_.name = 'EqualLink')">
    <linkLabelTraces
        visualID="6006"
        queryText="true"/>
  </linkTraces>
  <linkTraces
      visualID="4007"
      queryText="modelFacet.oclIsKindOf(gmfgen::TypeLinkModelFacet) and (let _eClass_:ecore::EClass = modelFacet.oclAsType(gmfgen::TypeLinkModelFacet).metaClass.ecoreClass in _eClass_.ePackage.nsURI = 'http://www.delete.it.is/v1.0/beta' and _eClass_.name = 'GreaterThanLink')">
    <linkLabelTraces
        visualID="6007"
        queryText="true"/>
  </linkTraces>
  <linkTraces
      visualID="4008"
      queryText="modelFacet.oclIsKindOf(gmfgen::TypeLinkModelFacet) and (let _eClass_:ecore::EClass = modelFacet.oclAsType(gmfgen::TypeLinkModelFacet).metaClass.ecoreClass in _eClass_.ePackage.nsURI = 'http://www.delete.it.is/v1.0/beta' and _eClass_.name = 'GreaterEqualThanLink')">
    <linkLabelTraces
        visualID="6008"
        queryText="true"/>
  </linkTraces>
  <linkTraces
      visualID="4009"
      queryText="modelFacet.oclIsKindOf(gmfgen::TypeLinkModelFacet) and (let _eClass_:ecore::EClass = modelFacet.oclAsType(gmfgen::TypeLinkModelFacet).metaClass.ecoreClass in _eClass_.ePackage.nsURI = 'http://www.delete.it.is/v1.0/beta' and _eClass_.name = 'LowerThanLink')">
    <linkLabelTraces
        visualID="6009"
        queryText="true"/>
  </linkTraces>
  <linkTraces
      visualID="4010"
      queryText="modelFacet.oclIsKindOf(gmfgen::TypeLinkModelFacet) and (let _eClass_:ecore::EClass = modelFacet.oclAsType(gmfgen::TypeLinkModelFacet).metaClass.ecoreClass in _eClass_.ePackage.nsURI = 'http://www.delete.it.is/v1.0/beta' and _eClass_.name = 'LowerEqualThanLink')">
    <linkLabelTraces
        visualID="6010"
        queryText="true"/>
  </linkTraces>
  <linkTraces
      visualID="4011"
      queryText="modelFacet.oclIsKindOf(gmfgen::TypeLinkModelFacet) and (let _eClass_:ecore::EClass = modelFacet.oclAsType(gmfgen::TypeLinkModelFacet).metaClass.ecoreClass in _eClass_.ePackage.nsURI = 'http://www.delete.it.is/v1.0/beta' and _eClass_.name = 'InLink')">
    <linkLabelTraces
        visualID="6011"
        queryText="true"/>
  </linkTraces>
  <linkTraces
      visualID="4012"
      queryText="modelFacet.oclIsKindOf(gmfgen::TypeLinkModelFacet) and (let _eClass_:ecore::EClass = modelFacet.oclAsType(gmfgen::TypeLinkModelFacet).metaClass.ecoreClass in _eClass_.ePackage.nsURI = 'http://www.delete.it.is/v1.0/beta' and _eClass_.name = 'LikeLink')">
    <linkLabelTraces
        visualID="6012"
        queryText="true"/>
  </linkTraces>
  <linkTraces
      visualID="4013"
      queryText="modelFacet.oclIsKindOf(gmfgen::TypeLinkModelFacet) and (let _eClass_:ecore::EClass = modelFacet.oclAsType(gmfgen::TypeLinkModelFacet).metaClass.ecoreClass in _eClass_.ePackage.nsURI = 'http://www.delete.it.is/v1.0/beta' and _eClass_.name = 'JuncRelationship')">
    <linkLabelTraces
        visualID="6013"
        queryText="true"/>
  </linkTraces>
</trace:TraceModel>
